PHP Warning:  PHP Startup: Unable to load dynamic library 'pdo_mysql' (tried: /usr/lib/php/20210902/pdo_mysql (/usr/lib/php/20210902/pdo_mysql: cannot open shared object file: No such file or directory), /usr/lib/php/20210902/pdo_mysql.so (/usr/lib/php/20210902/pdo_mysql.so: cannot open shared object file: No such file or directory)) in Unknown on line 0
PHP Warning:  PHP Startup: Unable to load dynamic library 'pdo_sqlite' (tried: /usr/lib/php/20210902/pdo_sqlite (/usr/lib/php/20210902/pdo_sqlite: cannot open shared object file: No such file or directory), /usr/lib/php/20210902/pdo_sqlite.so (/usr/lib/php/20210902/pdo_sqlite.so: cannot open shared object file: No such file or directory)) in Unknown on line 0
PHP Warning:  Module "curl" is already loaded in Unknown on line 0
PHP Warning:  Module "gd" is already loaded in Unknown on line 0
PHP Warning:  Module "gettext" is already loaded in Unknown on line 0
PHP Warning:  Module "zip" is already loaded in Unknown on line 0

   WARN  PHP Warning: PHP Startup: Unable to load dynamic library 'pdo_mysql' (tried: /usr/lib/php/20210902/pdo_mysql (/usr/lib/php/20210902/pdo_mysql: cannot open shared object file: No such file or directory), /usr/lib/php/20210902/pdo_mysql.so (/usr/lib/php/20210902/pdo_mysql.so: cannot open shared object file: No such file or directory)) in Unknown on line 0.  

   WARN  PHP Warning: PHP Startup: Unable to load dynamic library 'pdo_sqlite' (tried: /usr/lib/php/20210902/pdo_sqlite (/usr/lib/php/20210902/pdo_sqlite: cannot open shared object file: No such file or directory), /usr/lib/php/20210902/pdo_sqlite.so (/usr/lib/php/20210902/pdo_sqlite.so: cannot open shared object file: No such file or directory)) in Unknown on line 0.  

   WARN  PHP Warning: Module "curl" is already loaded in Unknown on line 0.  

   WARN  PHP Warning: Module "gd" is already loaded in Unknown on line 0.  

   WARN  PHP Warning: Module "gettext" is already loaded in Unknown on line 0.  

   WARN  PHP Warning: Module "zip" is already loaded in Unknown on line 0.  

   WARN  Failed to listen on 0.0.0.0:8000 (reason: Address already in use).  

   WARN  PHP Warning: PHP Startup: Unable to load dynamic library 'pdo_mysql' (tried: /usr/lib/php/20210902/pdo_mysql (/usr/lib/php/20210902/pdo_mysql: cannot open shared object file: No such file or directory), /usr/lib/php/20210902/pdo_mysql.so  2025-03-31 15:31:11 ................................................... ~ 1s
  2025-03-31 15:31:12 /favicon.ico ...................................... ~ 1s
  2025-03-31 15:31:19 ................................................... ~ 5s
  2025-03-31 15:31:19 ................................................... ~ 5s
h file or directory), /usr/lib/php/20210902/pdo_sqlite.so (/usr/lib/php/20210902/pdo_sqlite.so: cannot open shared object file: No such file or directory)) in Unknown on line 0.  

   WARN  PHP Warning: Module "curl" is already loaded in Unknown on line 0.  

   WARN  PHP Warning: Module "gd" is already loaded in Unknown on line 0.  

   WARN  PHP Warning: Module "gettext" is already loaded in Unknown on line 0.  

   WARN  PHP Warning: Module "zip" is already loaded in Unknown on line 0.  

   WARN  Failed to listen on 0.0.0.0:8001 (reason: Address already in use).  

   WARN  PHP Warning: PHP Startup: Unable to load dynamic library 'pdo_mysql' (tried: /usr/lib/php/20210902/pdo_mysql (/usr/lib/php/20210902/pdo_mysql: cannot open shared object file: No such file or directory), /usr/lib/php/20210902/pdo_mysql.so (/usr/lib/php/20210902/pdo_mysql.so: cannot open shared object file: No such file or directory)) in Unknown on line 0.  

   WARN  PHP Warning: PHP Startup: Unable to load dynamic library 'pdo_sqlite' (tried: /usr/lib/php/20210902/pdo_sqlite (/usr/lib/php/20210902/pdo_sqlite: cannot open shared object file: No such file or directory), /usr/lib/php/20210902/pdo_sqlite.so (/usr/lib/php/20210902/pdo_sqlite.so: cannot open shared object file: No such file or directory)) in Unknown on line 0.  

   WARN  PHP Warning: Module "curl" is already loaded in Unknown on line 0.  

   WARN  PHP Warning: Module "gd" is already loaded in Unknown on line 0.  

   WARN  PHP Warning: Module "gettext" is already loaded in Unknown on line 0.  

   WARN  PHP Warning: Module "zip" is already loaded in Unknown on line 0.  

   WARN  Failed to listen on 0.0.0.0:8002 (reason: Address already in use).  

   WARN  PHP Warning: PHP Startup: Unable to load dynamic library 'pdo_mysql' (tried: /usr/lib/php/20210902/pdo_mysql (/usr/lib/php/20210902/pdo_mysql: cannot open shared object file: No such file or directory), /usr/lib/php/20210902/pdo_mysql.so (/usr/lib/php/20210902/pdo_mysql.so: cannot open shared object file: No such file or directory)) in Unknown on line 0.  

   WARN  PHP Warning: PHP Startup: Unable to load dynamic library 'pdo_sqlite' (tried: /usr/lib/php/20210902/pdo_sqlite (/usr/lib/php/20210902/pdo_sqlite: cannot open shared object file: No such file or directory), /usr/lib/php/20210902/pdo_sqlite.so (/usr/lib/php/20210902/pdo_sqlite.so: cannot open shared object file: No such file or directory)) in Unknown on line 0.  

   WARN  PHP Warning: Module "curl" is already loaded in Unknown on line 0.  

   WARN  PHP Warning: Module "gd" is already loaded in Unknown on line 0.  

   WARN  PHP Warning: Module "gettext" is already loaded in Unknown on line 0.  

   WARN  PHP Warning: Module "zip" is already loaded in Unknown on line 0.  

   INFO  Server running on [http://0.0.0.0:8003].  

  Press Ctrl+C to stop the server

